{
  "meta": {
    "code": "238090",
    "pages_fetched": 12,
    "row_count": 236,
    "source": "https://finance.naver.com/item/board.naver?code=238090",
    "keywords": [
      "유가",
      "상한가",
      "상장폐지",
      "청산",
      "호르무즈",
      "전쟁",
      "쩜상",
      "주포",
      "매집",
      "작전",
      "세력",
      "급등"
    ]
  },
  "representative_posts": [
    {
      "keyword": "유가",
      "date": "2026.03.05 09:59",
      "title": "대유가 우회상장할려하나.",
      "href": "https://finance.naver.com/item/board_read.naver?code=238090&nid=414175460&page=3",
      "author": "윤무당",
      "view": 89,
      "up": 0,
      "down": 2,
      "page": 3
    },
    {
      "keyword": "상한가",
      "date": "2026.03.06 12:07",
      "title": "다음주에는  상한가 한두번 가야 하는데",
      "href": "https://finance.naver.com/item/board_read.naver?code=238090&nid=414316272&page=1",
      "author": "to1804",
      "view": 126,
      "up": 11,
      "down": 2,
      "page": 1
    },
    {
      "keyword": "상장폐지",
      "date": "2026.01.25 16:26",
      "title": "[대유 주권 정리매매(상장폐지) 피해자 모집] [ 1 ]",
      "href": "https://finance.naver.com/item/board_read.naver?code=238090&nid=411107539&page=11",
      "author": "황금별1",
      "view": 126,
      "up": 4,
      "down": 0,
      "page": 11
    },
    {
      "keyword": "전쟁",
      "date": "2026.03.05 09:30",
      "title": "이거 전쟁관련주였어?",
      "href": "https://finance.naver.com/item/board_read.naver?code=238090&nid=414167824&page=3",
      "author": "멀리던져",
      "view": 50,
      "up": 2,
      "down": 0,
      "page": 3
    },
    {
      "keyword": "쩜상",
      "date": "2026.03.05 04:14",
      "title": "쩜상속보트럼프장기화조짐무기증산논의",
      "href": "https://finance.naver.com/item/board_read.naver?code=238090&nid=414141575&page=3",
      "author": "성가신공략캥거루",
      "view": 98,
      "up": 2,
      "down": 1,
      "page": 3
    }
  ]
}
