{
  "meta": {
    "code": "296640",
    "pages_fetched": 12,
    "row_count": 231,
    "source": "https://finance.naver.com/item/board.naver?code=296640",
    "keywords": [
      "유가",
      "상한가",
      "상장폐지",
      "청산",
      "호르무즈",
      "전쟁",
      "쩜상",
      "주포",
      "매집",
      "작전",
      "세력",
      "급등"
    ]
  },
  "representative_posts": [
    {
      "keyword": "상장폐지",
      "date": "2025.10.17 10:14",
      "title": "상장폐지 [ 1 ]",
      "href": "https://finance.naver.com/item/board_read.naver?code=296640&nid=405159062&page=8",
      "author": "쇠력",
      "view": 347,
      "up": 6,
      "down": 0,
      "page": 8
    },
    {
      "keyword": "주포",
      "date": "2025.08.25 14:49",
      "title": "주포",
      "href": "https://finance.naver.com/item/board_read.naver?code=296640&nid=402706796&page=9",
      "author": "별자리염",
      "view": 300,
      "up": 4,
      "down": 0,
      "page": 9
    },
    {
      "keyword": "매집",
      "date": "2026.02.10 10:42",
      "title": "3년간  매집중인 주주님들 [ 1 ]",
      "href": "https://finance.naver.com/item/board_read.naver?code=296640&nid=412479677&page=3",
      "author": "깨굴님",
      "view": 114,
      "up": 1,
      "down": 4,
      "page": 3
    },
    {
      "keyword": "세력",
      "date": "2025.08.05 13:27",
      "title": "세력이",
      "href": "https://finance.naver.com/item/board_read.naver?code=296640&nid=401734781&page=10",
      "author": "별자리염",
      "view": 175,
      "up": 3,
      "down": 3,
      "page": 10
    },
    {
      "keyword": "급등",
      "date": "2026.01.22 10:27",
      "title": "급등 징조인가 ㅋㅋ",
      "href": "https://finance.naver.com/item/board_read.naver?code=296640&nid=410892806&page=4",
      "author": "쇠력",
      "view": 86,
      "up": 2,
      "down": 3,
      "page": 4
    }
  ]
}
