{
  "meta": {
    "code": "008500",
    "pages_fetched": 12,
    "row_count": 239,
    "source": "https://finance.naver.com/item/board.naver?code=008500",
    "keywords": [
      "유가",
      "상한가",
      "상장폐지",
      "청산",
      "호르무즈",
      "전쟁",
      "쩜상",
      "주포",
      "매집",
      "작전",
      "세력",
      "급등"
    ]
  },
  "representative_posts": [
    {
      "keyword": "상한가",
      "date": "2026.01.08 13:55",
      "title": "상한가 한번 가주면 제발 앞으로 잘살게ᄋᆢㄷ",
      "href": "https://finance.naver.com/item/board_read.naver?code=008500&nid=409919401&page=9",
      "author": "포",
      "view": 21,
      "up": 0,
      "down": 0,
      "page": 9
    },
    {
      "keyword": "상장폐지",
      "date": "2026.01.08 03:37",
      "title": "상장폐지 1호 [ 1 ]",
      "href": "https://finance.naver.com/item/board_read.naver?code=008500&nid=409866625&page=9",
      "author": "jampa",
      "view": 51,
      "up": 3,
      "down": 1,
      "page": 9
    },
    {
      "keyword": "작전",
      "date": "2026.01.08 14:31",
      "title": "상폐 탈출 테마 1호 작전 일정실업 [ 1 ]",
      "href": "https://finance.naver.com/item/board_read.naver?code=008500&nid=409923632&page=8",
      "author": "원피스",
      "view": 66,
      "up": 2,
      "down": 3,
      "page": 8
    },
    {
      "keyword": "세력",
      "date": "2026.02.26 11:00",
      "title": "세력 시나리오 짜드림 [ 3 ]",
      "href": "https://finance.naver.com/item/board_read.naver?code=008500&nid=413514706&page=2",
      "author": "내성적인타이밍호랑이",
      "view": 368,
      "up": 3,
      "down": 1,
      "page": 2
    }
  ]
}
